2020-03-13 13:29:35,932 - pyswarms.single.global_best - INFO - Optimize for 1000 iters with {'c1': 0.5, 'c2': 0.3, 'w': 0.9}
2020-03-13 13:29:36,154 - pyswarms.single.global_best - INFO - Optimization finished | best cost: 1.1821350534900431e-15, best pos: [0.99999997 0.99999993]
2020-03-13 13:35:17,955 - pyswarms.single.global_best - INFO - Optimize for 1000 iters with {'c1': 0.5, 'c2': 0.3, 'w': 0.9}
2020-03-13 13:35:18,187 - pyswarms.single.global_best - INFO - Optimization finished | best cost: 2.720251260084669e-14, best pos: [ 1.00000016  1.00000033 -3.42825513]
2020-03-13 15:25:21,463 - pyswarms.single.global_best - INFO - Optimize for 1000 iters with {'c1': 0.5, 'c2': 0.3, 'w': 0.9}
2020-03-13 15:25:21,659 - pyswarms.single.global_best - INFO - Optimization finished | best cost: 1.2586619829136959e-22, best pos: [1.        1.        2.2604259]
2020-03-13 15:28:49,246 - pyswarms.single.global_best - INFO - Optimize for 1000 iters with {'c1': 0.5, 'c2': 0.3, 'w': 0.9}
2020-03-13 15:28:49,475 - pyswarms.single.global_best - INFO - Optimization finished | best cost: -59.567978542783926, best pos: [ 0.3931034   0.15229219 -9.98946715]
2020-03-13 15:36:54,621 - pyswarms.backend.generators - ERROR - Bounds and/or init_pos should be of size (2,)
Traceback (most recent call last):
  File "/home/rtr/.pyenv/versions/dev/lib/python3.7/site-packages/pyswarms/backend/generators.py", line 82, in generate_swarm
    low=min_bounds, high=max_bounds, size=(n_particles, dimensions)
  File "mtrand.pyx", line 1108, in numpy.random.mtrand.RandomState.uniform
  File "_common.pyx", line 522, in numpy.random._common.cont
  File "_common.pyx", line 443, in numpy.random._common.cont_broadcast_2
  File "__init__.pxd", line 756, in numpy.PyArray_MultiIterNew3
ValueError: shape mismatch: objects cannot be broadcast to a single shape
2020-03-13 15:37:22,142 - pyswarms.single.global_best - INFO - Optimize for 1000 iters with {'c1': 0.5, 'c2': 0.3, 'w': 0.9}
2020-03-13 15:37:22,359 - pyswarms.single.global_best - INFO - Optimization finished | best cost: 32410.572630764967, best pos: [-0.97853908  9.99075323]
2020-03-13 15:37:51,140 - pyswarms.single.global_best - INFO - Optimize for 1000 iters with {'c1': 0.5, 'c2': 0.3, 'w': 0.9}
2020-03-13 15:37:51,376 - pyswarms.single.global_best - INFO - Optimization finished | best cost: 0.0, best pos: [ 1. 56.]
2020-03-13 16:14:31,304 - pyswarms.single.global_best - INFO - Optimize for 1000 iters with {'c1': 0.5, 'c2': 0.3, 'w': 0.9}
2020-03-13 16:15:06,548 - pyswarms.single.global_best - INFO - Optimize for 1000 iters with {'c1': 0.5, 'c2': 0.3, 'w': 0.9}
2020-03-13 16:16:10,511 - pyswarms.single.global_best - INFO - Optimize for 1000 iters with {'c1': 0.5, 'c2': 0.3, 'w': 0.9}
2020-03-13 16:16:27,655 - pyswarms.single.global_best - INFO - Optimization finished | best cost: 0.0, best pos: [ 1.29970063 56.21030266]
2020-03-13 16:19:32,771 - pyswarms.single.global_best - INFO - Optimize for 1000 iters with {'c1': 0.5, 'c2': 0.3, 'w': 0.9}
2020-03-13 16:19:32,990 - pyswarms.single.global_best - INFO - Optimization finished | best cost: 0.0, best pos: [ 1.22232731 56.32541945]
2020-03-13 16:19:37,575 - pyswarms.single.global_best - INFO - Optimize for 1000 iters with {'c1': 0.5, 'c2': 0.3, 'w': 0.9}
2020-03-13 16:22:19,700 - pyswarms.single.global_best - INFO - Optimize for 1000 iters with {'c1': 0.5, 'c2': 0.3, 'w': 0.9}
2020-03-13 16:28:16,277 - pyswarms.single.global_best - INFO - Optimize for 1000 iters with {'c1': 0.5, 'c2': 0.3, 'w': 0.9}
